<?xml version="1.0" encoding="UTF-8"?>
<!-- Generated by org.testng.reporters.JUnitReportReporter -->
<testsuite hostname="LAPTOP-K8ACM6HQ" failures="0" tests="3" name="astonorall.Home" time="0.014" errors="0" timestamp="2021-03-15T21:45:23 EDT" skipped="0">
  <testcase classname="astonorall.Home" name="click1" time="0.001"/>
  <system-out/>
  <testcase classname="astonorall.Home" name="click1" time="0.012"/>
  <system-out/>
  <testcase classname="astonorall.Home" name="click1" time="0.001"/>
  <system-out/>
</testsuite> <!-- astonorall.Home -->
