<?xml version="1.0" encoding="UTF-8"?>
<!-- Generated by org.testng.reporters.JUnitReportReporter -->
<testsuite hostname="LAPTOP-K8ACM6HQ" failures="0" tests="3" name="astonorall.Loops" time="0.015" errors="0" timestamp="2021-03-16T17:46:34 EDT" skipped="0">
  <testcase classname="astonorall.Loops" name="febo" time="0.003"/>
  <system-out/>
  <testcase classname="astonorall.Loops" name="facto" time="0.010"/>
  <system-out/>
  <testcase classname="astonorall.Loops" name="max" time="0.002"/>
  <system-out/>
</testsuite> <!-- astonorall.Loops -->
